# JRE version: OpenJDK Runtime Environment (8.0_212-b04) (build 1.8.0_212-release-1586-b04)
# Java VM: OpenJDK 64-Bit Server VM (25.212-b04 mixed mode windows-amd64 compressed oops)
Heap:
 PSYoungGen      total 427008K, used 33493K [0x00000000e0000000, 0x0000000100000000, 0x0000000100000000)
  eden space 400896K, 3% used [0x00000000e0000000,0x00000000e0f9b240,0x00000000f8780000)
  from space 26112K, 67% used [0x00000000f8780000,0x00000000f989a2d8,0x00000000fa100000)
  to   space 26624K, 0% used [0x00000000fe600000,0x00000000fe600000,0x0000000100000000)
 ParOldGen       total 164864K, used 36412K [0x00000000a0000000, 0x00000000aa100000, 0x00000000e0000000)
  object space 164864K, 22% used [0x00000000a0000000,0x00000000a238f010,0x00000000aa100000)
 Metaspace       used 63551K, capacity 66276K, committed 66432K, reserved 1105920K
  class space    used 8632K, capacity 9240K, committed 9344K, reserved 1048576K
GC Heap History (10 events):
Event: 5.620 GC heap before
{Heap before GC invocations=8 (full 2):
 PSYoungGen      total 244736K, used 10424K [0x00000000e0000000, 0x00000000f0300000, 0x0000000100000000)
  eden space 233984K, 0% used [0x00000000e0000000,0x00000000e0000000,0x00000000ee480000)
  from space 10752K, 96% used [0x00000000ef880000,0x00000000f02ae338,0x00000000f0300000)
  to   space 14848K, 0% used [0x00000000ee600000,0x00000000ee600000,0x00000000ef480000)
 ParOldGen       total 84480K, used 9475K [0x00000000a0000000, 0x00000000a5280000, 0x00000000e0000000)
  object space 84480K, 11% used [0x00000000a0000000,0x00000000a0940c90,0x00000000a5280000)
 Metaspace       used 34556K, capacity 35426K, committed 35456K, reserved 1079296K
  class space    used 4756K, capacity 4982K, committed 4992K, reserved 1048576K
Event: 5.657 GC heap after
Heap after GC invocations=8 (full 2):
 PSYoungGen      total 244736K, used 0K [0x00000000e0000000, 0x00000000f0300000, 0x0000000100000000)
  eden space 233984K, 0% used [0x00000000e0000000,0x00000000e0000000,0x00000000ee480000)
  from space 10752K, 0% used [0x00000000ef880000,0x00000000ef880000,0x00000000f0300000)
  to   space 14848K, 0% used [0x00000000ee600000,0x00000000ee600000,0x00000000ef480000)
 ParOldGen       total 113152K, used 17239K [0x00000000a0000000, 0x00000000a6e80000, 0x00000000e0000000)
  object space 113152K, 15% used [0x00000000a0000000,0x00000000a10d5cd0,0x00000000a6e80000)
 Metaspace       used 34518K, capacity 35300K, committed 35456K, reserved 1079296K
  class space    used 4744K, capacity 4961K, committed 4992K, reserved 1048576K
}
Event: 7.449 GC heap before
{Heap before GC invocations=9 (full 2):
 PSYoungGen      total 244736K, used 233984K [0x00000000e0000000, 0x00000000f0300000, 0x0000000100000000)
  eden space 233984K, 100% used [0x00000000e0000000,0x00000000ee480000,0x00000000ee480000)
  from space 10752K, 0% used [0x00000000ef880000,0x00000000ef880000,0x00000000f0300000)
  to   space 14848K, 0% used [0x00000000ee600000,0x00000000ee600000,0x00000000ef480000)
 ParOldGen       total 113152K, used 17239K [0x00000000a0000000, 0x00000000a6e80000, 0x00000000e0000000)
  object space 113152K, 15% used [0x00000000a0000000,0x00000000a10d5cd0,0x00000000a6e80000)
 Metaspace       used 53356K, capacity 55070K, committed 55168K, reserved 1097728K
  class space    used 7322K, capacity 7735K, committed 7808K, reserved 1048576K
Event: 7.477 GC heap after
Heap after GC invocations=9 (full 2):
 PSYoungGen      total 250368K, used 14817K [0x00000000e0000000, 0x00000000fba00000, 0x0000000100000000)
  eden space 235520K, 0% used [0x00000000e0000000,0x00000000e0000000,0x00000000ee600000)
  from space 14848K, 99% used [0x00000000ee600000,0x00000000ef4785d0,0x00000000ef480000)
  to   space 23040K, 0% used [0x00000000fa380000,0x00000000fa380000,0x00000000fba00000)
 ParOldGen       total 113152K, used 29303K [0x00000000a0000000, 0x00000000a6e80000, 0x00000000e0000000)
  object space 113152K, 25% used [0x00000000a0000000,0x00000000a1c9dc80,0x00000000a6e80000)
 Metaspace       used 53356K, capacity 55070K, committed 55168K, reserved 1097728K
  class space    used 7322K, capacity 7735K, committed 7808K, reserved 1048576K
}
Event: 8.821 GC heap before
{Heap before GC invocations=10 (full 2):
 PSYoungGen      total 250368K, used 87572K [0x00000000e0000000, 0x00000000fba00000, 0x0000000100000000)
  eden space 235520K, 30% used [0x00000000e0000000,0x00000000e470cde8,0x00000000ee600000)
  from space 14848K, 99% used [0x00000000ee600000,0x00000000ef4785d0,0x00000000ef480000)
  to   space 23040K, 0% used [0x00000000fa380000,0x00000000fa380000,0x00000000fba00000)
 ParOldGen       total 113152K, used 29303K [0x00000000a0000000, 0x00000000a6e80000, 0x00000000e0000000)
  object space 113152K, 25% used [0x00000000a0000000,0x00000000a1c9dc80,0x00000000a6e80000)
 Metaspace       used 57142K, capacity 59004K, committed 59096K, reserved 1099776K
  class space    used 7875K, capacity 8294K, committed 8320K, reserved 1048576K
Event: 8.838 GC heap after
Heap after GC invocations=10 (full 2):
 PSYoungGen      total 423936K, used 22158K [0x00000000e0000000, 0x00000000fba80000, 0x0000000100000000)
  eden space 400896K, 0% used [0x00000000e0000000,0x00000000e0000000,0x00000000f8780000)
  from space 23040K, 96% used [0x00000000fa380000,0x00000000fb9239e0,0x00000000fba00000)
  to   space 26112K, 0% used [0x00000000f8780000,0x00000000f8780000,0x00000000fa100000)
 ParOldGen       total 113152K, used 29311K [0x00000000a0000000, 0x00000000a6e80000, 0x00000000e0000000)
  object space 113152K, 25% used [0x00000000a0000000,0x00000000a1c9fc80,0x00000000a6e80000)
 Metaspace       used 57142K, capacity 59004K, committed 59096K, reserved 1099776K
  class space    used 7875K, capacity 8294K, committed 8320K, reserved 1048576K
}
Event: 8.838 GC heap before
{Heap before GC invocations=11 (full 3):
 PSYoungGen      total 423936K, used 22158K [0x00000000e0000000, 0x00000000fba80000, 0x0000000100000000)
  eden space 400896K, 0% used [0x00000000e0000000,0x00000000e0000000,0x00000000f8780000)
  from space 23040K, 96% used [0x00000000fa380000,0x00000000fb9239e0,0x00000000fba00000)
  to   space 26112K, 0% used [0x00000000f8780000,0x00000000f8780000,0x00000000fa100000)
 ParOldGen       total 113152K, used 29311K [0x00000000a0000000, 0x00000000a6e80000, 0x00000000e0000000)
  object space 113152K, 25% used [0x00000000a0000000,0x00000000a1c9fc80,0x00000000a6e80000)
 Metaspace       used 57142K, capacity 59004K, committed 59096K, reserved 1099776K
  class space    used 7875K, capacity 8294K, committed 8320K, reserved 1048576K
Event: 9.027 GC heap after
Heap after GC invocations=11 (full 3):
 PSYoungGen      total 423936K, used 0K [0x00000000e0000000, 0x00000000fba80000, 0x0000000100000000)
  eden space 400896K, 0% used [0x00000000e0000000,0x00000000e0000000,0x00000000f8780000)
  from space 23040K, 0% used [0x00000000fa380000,0x00000000fa380000,0x00000000fba00000)
  to   space 26112K, 0% used [0x00000000f8780000,0x00000000f8780000,0x00000000fa100000)
 ParOldGen       total 164864K, used 36404K [0x00000000a0000000, 0x00000000aa100000, 0x00000000e0000000)
  object space 164864K, 22% used [0x00000000a0000000,0x00000000a238d010,0x00000000aa100000)
 Metaspace       used 57142K, capacity 59004K, committed 59096K, reserved 1099776K
  class space    used 7875K, capacity 8294K, committed 8320K, reserved 1048576K
}
Event: 13.029 GC heap before
{Heap before GC invocations=12 (full 3):
 PSYoungGen      total 423936K, used 400896K [0x00000000e0000000, 0x00000000fba80000, 0x0000000100000000)
  eden space 400896K, 100% used [0x00000000e0000000,0x00000000f8780000,0x00000000f8780000)
  from space 23040K, 0% used [0x00000000fa380000,0x00000000fa380000,0x00000000fba00000)
  to   space 26112K, 0% used [0x00000000f8780000,0x00000000f8780000,0x00000000fa100000)
 ParOldGen       total 164864K, used 36404K [0x00000000a0000000, 0x00000000aa100000, 0x00000000e0000000)
  object space 164864K, 22% used [0x00000000a0000000,0x00000000a238d010,0x00000000aa100000)
 Metaspace       used 63542K, capacity 66274K, committed 66432K, reserved 1105920K
  class space    used 8631K, capacity 9239K, committed 9344K, reserved 1048576K
Event: 13.061 GC heap after
Heap after GC invocations=12 (full 3):
 PSYoungGen      total 427008K, used 17512K [0x00000000e0000000, 0x0000000100000000, 0x0000000100000000)
  eden space 400896K, 0% used [0x00000000e0000000,0x00000000e0000000,0x00000000f8780000)
  from space 26112K, 67% used [0x00000000f8780000,0x00000000f989a2d8,0x00000000fa100000)
  to   space 26624K, 0% used [0x00000000fe600000,0x00000000fe600000,0x0000000100000000)
 ParOldGen       total 164864K, used 36412K [0x00000000a0000000, 0x00000000aa100000, 0x00000000e0000000)
  object space 164864K, 22% used [0x00000000a0000000,0x00000000a238f010,0x00000000aa100000)
 Metaspace       used 63542K, capacity 66274K, committed 66432K, reserved 1105920K
  class space    used 8631K, capacity 9239K, committed 9344K, reserved 1048576K
}

